<?xml version="1.0" encoding="UTF-8"?>
<testsuite xmlns:xsi="http://www.w3.org/2001/XMLSchema-instance" xsi:noNamespaceSchemaLocation="https://maven.apache.org/surefire/maven-surefire-plugin/xsd/surefire-test-report-3.0.xsd" version="3.0" name="com.host.file.FileApplicationTests" time="3.134" tests="1" errors="0" skipped="0" failures="0">
  <properties>
[...]
</properties>
  <testcase name="contextLoads" classname="com.host.file.FileApplicationTests" time="1.053">
    <system-out><![CDATA[19:39:42.661 [main] INFO org.springframework.test.context.support.AnnotationConfigContextLoaderUtils -- Could not detect default configuration classes for test class [com.host.file.FileApplicationTests]: FileApplicationTests does not declare any static, non-private, non-final, nested classes annotated with @Configuration.
19:39:42.786 [main] INFO org.springframework.boot.test.context.SpringBootTestContextBootstrapper -- Found @SpringBootConfiguration com.host.file.FileApplication for test class com.host.file.FileApplicationTests

  .   ____          _            __ _ _
 /\\ / ___'_ __ _ _(_)_ __  __ _ \ \ \ \
( ( )\___ | '_ | '_| | '_ \/ _` | \ \ \ \
 \\/  ___)| |_)| | | | | || (_| |  ) ) ) )
  '  |____| .__|_| |_|_| |_\__, | / / / /
 =========|_|==============|___/=/_/_/_/
 :: Spring Boot ::                (v3.1.0)

2023-06-02T19:39:43.258+03:00  INFO 4632 --- [           main] com.host.file.FileApplicationTests       : Starting FileApplicationTests using Java 17.0.5 with PID 4632 (started by Zerbex in C:\Users\Zerbex\Documents\file)
2023-06-02T19:39:43.260+03:00  INFO 4632 --- [           main] com.host.file.FileApplicationTests       : No active profile set, falling back to 1 default profile: "default"
2023-06-02T19:39:44.552+03:00  INFO 4632 --- [           main] com.host.file.FileApplicationTests       : Started FileApplicationTests in 1.6 seconds (process running for 2.77)
]]></system-out>
  </testcase>
</testsuite>